<?xml version="1.0" encoding="UTF-8" ?>
<testsuite failures="0" time="0" errors="0" skipped="0" tests="6" name="com.mgt.mycity.domain.RestaurentTest">
  <properties>
    <property name="java.runtime.name" value="Java(TM) SE Runtime Environment"/>
    <property name="sun.boot.library.path" value="C:\Program Files\Java\jdk1.6.0_27\jre\bin"/>
    <property name="java.vm.version" value="20.2-b06"/>
    <property name="java.vm.vendor" value="Sun Microsystems Inc."/>
    <property name="java.vendor.url" value="http://java.sun.com/"/>
    <property name="path.separator" value=";"/>
    <property name="java.vm.name" value="Java HotSpot(TM) Client VM"/>
    <property name="file.encoding.pkg" value="sun.io"/>
    <property name="user.country" value="US"/>
    <property name="sun.java.launcher" value="SUN_STANDARD"/>
    <property name="sun.os.patch.level" value="Service Pack 3"/>
    <property name="java.vm.specification.name" value="Java Virtual Machine Specification"/>
    <property name="user.dir" value="C:\Dhaval\Personal\Mangla Tech\workspace\BackEnd\myCityFinder"/>
    <property name="java.runtime.version" value="1.6.0_27-b07"/>
    <property name="java.awt.graphicsenv" value="sun.awt.Win32GraphicsEnvironment"/>
    <property name="basedir" value="C:\Dhaval\Personal\Mangla Tech\workspace\BackEnd\myCityFinder"/>
    <property name="java.endorsed.dirs" value="C:\Program Files\Java\jdk1.6.0_27\jre\lib\endorsed"/>
    <property name="os.arch" value="x86"/>
    <property name="surefire.real.class.path" value="C:\Dhaval\cygwin\tmp\surefirebooter1201272810586874565.jar"/>
    <property name="java.io.tmpdir" value="C:\Dhaval\cygwin\tmp\"/>
    <property name="line.separator" value="
"/>
    <property name="java.vm.specification.vendor" value="Sun Microsystems Inc."/>
    <property name="user.variant" value=""/>
    <property name="os.name" value="Windows XP"/>
    <property name="sun.jnu.encoding" value="Cp1252"/>
    <property name="java.library.path" value="C:\Program Files\Java\jdk1.6.0_27\jre\bin;C:\WINDOWS\Sun\Java\bin;C:\WINDOWS\system32;C:\WINDOWS;C:\Dhaval\cygwin\usr\local\bin;C:\Dhaval\cygwin\bin;C:\wamp\bin\php\php5.3.5;C:\Program Files\Windows Resource Kits\Tools;C:\sybase\JS-12_5\bin;C:\sybase\OCS-12_5\lib3p;C:\sybase\OCS-12_5\dll;C:\sybase\OCS-12_5\bin;C:\Program Files\Java\jdk1.6.0_27\bin;C:\coherence\bin;C:\Dhaval\jython2.5.1\bin;C:\WINDOWS\system32;C:\WINDOWS;C:\WINDOWS\System32\Wbem;C:\Program Files\Utilities;C:\blp\API;C:\blp\API\dde;C:\WINDOWS\system32\WindowsPowerShell\v1.0;C:\Program Files\Perforce;C:\Program Files\Support Tools;C:\wamp\bin\php\php5.3.5;C:\apache-ant-1.8.2\bin;C:\apache-maven-3.0.3\bin;C:\Dhaval\Workspaces\Perforce\UKDevelopment\GMO\lib\eSpeed-API-libraries\WIN32;."/>
    <property name="surefire.test.class.path" value="C:\Dhaval\Personal\Mangla Tech\workspace\BackEnd\myCityFinder\target\test-classes;C:\Dhaval\Personal\Mangla Tech\workspace\BackEnd\myCityFinder\target\classes;C:\Documents and Settings\dhpatel\.m2\repository\joda-time\joda-time\1.6.2\joda-time-1.6.2.jar;C:\Documents and Settings\dhpatel\.m2\repository\joda-time\joda-time-hibernate\1.2\joda-time-hibernate-1.2.jar;C:\Documents and Settings\dhpatel\.m2\repository\org\hibernate\javax\persistence\hibernate-jpa-2.0-api\1.0.0.Final\hibernate-jpa-2.0-api-1.0.0.Final.jar;C:\Documents and Settings\dhpatel\.m2\repository\org\hibernate\hibernate-core\3.5.5-Final\hibernate-core-3.5.5-Final.jar;C:\Documents and Settings\dhpatel\.m2\repository\antlr\antlr\2.7.6\antlr-2.7.6.jar;C:\Documents and Settings\dhpatel\.m2\repository\dom4j\dom4j\1.6.1\dom4j-1.6.1.jar;C:\Documents and Settings\dhpatel\.m2\repository\xml-apis\xml-apis\1.0.b2\xml-apis-1.0.b2.jar;C:\Documents and Settings\dhpatel\.m2\repository\javax\transaction\jta\1.1\jta-1.1.jar;C:\Documents and Settings\dhpatel\.m2\repository\org\hibernate\hibernate-ehcache\3.5.5-Final\hibernate-ehcache-3.5.5-Final.jar;C:\Documents and Settings\dhpatel\.m2\repository\net\sf\ehcache\ehcache\1.5.0\ehcache-1.5.0.jar;C:\Documents and Settings\dhpatel\.m2\repository\backport-util-concurrent\backport-util-concurrent\3.1\backport-util-concurrent-3.1.jar;C:\Documents and Settings\dhpatel\.m2\repository\net\sf\jsr107cache\jsr107cache\1.0\jsr107cache-1.0.jar;C:\Documents and Settings\dhpatel\.m2\repository\org\hibernate\hibernate-jmx\3.5.5-Final\hibernate-jmx-3.5.5-Final.jar;C:\Documents and Settings\dhpatel\.m2\repository\org\hibernate\hibernate-entitymanager\3.5.5-Final\hibernate-entitymanager-3.5.5-Final.jar;C:\Documents and Settings\dhpatel\.m2\repository\org\hibernate\hibernate-annotations\3.5.5-Final\hibernate-annotations-3.5.5-Final.jar;C:\Documents and Settings\dhpatel\.m2\repository\org\hibernate\hibernate-commons-annotations\3.2.0.Final\hibernate-commons-annotations-3.2.0.Final.jar;C:\Documents and Settings\dhpatel\.m2\repository\cglib\cglib\2.2\cglib-2.2.jar;C:\Documents and Settings\dhpatel\.m2\repository\asm\asm\3.1\asm-3.1.jar;C:\Documents and Settings\dhpatel\.m2\repository\javassist\javassist\3.9.0.GA\javassist-3.9.0.GA.jar;C:\Documents and Settings\dhpatel\.m2\repository\cglib\cglib-nodep\2.1_3\cglib-nodep-2.1_3.jar;C:\Documents and Settings\dhpatel\.m2\repository\commons-dbcp\commons-dbcp\1.4\commons-dbcp-1.4.jar;C:\Documents and Settings\dhpatel\.m2\repository\commons-pool\commons-pool\1.5.4\commons-pool-1.5.4.jar;C:\Documents and Settings\dhpatel\.m2\repository\mysql\mysql-connector-java\5.1.6\mysql-connector-java-5.1.6.jar;C:\Documents and Settings\dhpatel\.m2\repository\javax\validation\validation-api\1.0.0.GA\validation-api-1.0.0.GA.jar;C:\Documents and Settings\dhpatel\.m2\repository\org\hibernate\hibernate-validator\4.2.0.Final\hibernate-validator-4.2.0.Final.jar;C:\Documents and Settings\dhpatel\.m2\repository\log4j\log4j\1.2.15\log4j-1.2.15.jar;C:\Documents and Settings\dhpatel\.m2\repository\javax\mail\mail\1.4\mail-1.4.jar;C:\Documents and Settings\dhpatel\.m2\repository\javax\activation\activation\1.1\activation-1.1.jar;C:\Documents and Settings\dhpatel\.m2\repository\org\slf4j\slf4j-api\1.5.10\slf4j-api-1.5.10.jar;C:\Documents and Settings\dhpatel\.m2\repository\org\slf4j\slf4j-log4j12\1.5.10\slf4j-log4j12-1.5.10.jar;C:\Documents and Settings\dhpatel\.m2\repository\commons-io\commons-io\1.4\commons-io-1.4.jar;C:\Documents and Settings\dhpatel\.m2\repository\commons-lang\commons-lang\2.5\commons-lang-2.5.jar;C:\Documents and Settings\dhpatel\.m2\repository\commons-fileupload\commons-fileupload\1.2.1\commons-fileupload-1.2.1.jar;C:\Documents and Settings\dhpatel\.m2\repository\commons-codec\commons-codec\1.4\commons-codec-1.4.jar;C:\Documents and Settings\dhpatel\.m2\repository\commons-digester\commons-digester\2.0\commons-digester-2.0.jar;C:\Documents and Settings\dhpatel\.m2\repository\commons-beanutils\commons-beanutils\1.8.0\commons-beanutils-1.8.0.jar;C:\Documents and Settings\dhpatel\.m2\repository\commons-logging\commons-logging\1.1.1\commons-logging-1.1.1.jar;C:\Documents and Settings\dhpatel\.m2\repository\commons-collections\commons-collections\3.2.1\commons-collections-3.2.1.jar;C:\Documents and Settings\dhpatel\.m2\repository\org\springframework\spring-expression\3.0.5.RELEASE\spring-expression-3.0.5.RELEASE.jar;C:\Documents and Settings\dhpatel\.m2\repository\org\springframework\spring-core\3.0.5.RELEASE\spring-core-3.0.5.RELEASE.jar;C:\Documents and Settings\dhpatel\.m2\repository\org\springframework\spring-jdbc\3.0.5.RELEASE\spring-jdbc-3.0.5.RELEASE.jar;C:\Documents and Settings\dhpatel\.m2\repository\org\springframework\spring-beans\3.0.5.RELEASE\spring-beans-3.0.5.RELEASE.jar;C:\Documents and Settings\dhpatel\.m2\repository\org\springframework\spring-tx\3.0.5.RELEASE\spring-tx-3.0.5.RELEASE.jar;C:\Documents and Settings\dhpatel\.m2\repository\org\springframework\spring-orm\3.0.5.RELEASE\spring-orm-3.0.5.RELEASE.jar;C:\Documents and Settings\dhpatel\.m2\repository\org\springframework\spring-oxm\3.0.5.RELEASE\spring-oxm-3.0.5.RELEASE.jar;C:\Documents and Settings\dhpatel\.m2\repository\org\springframework\spring-aspects\3.0.5.RELEASE\spring-aspects-3.0.5.RELEASE.jar;C:\Documents and Settings\dhpatel\.m2\repository\org\springframework\spring-aop\3.0.5.RELEASE\spring-aop-3.0.5.RELEASE.jar;C:\Documents and Settings\dhpatel\.m2\repository\aopalliance\aopalliance\1.0\aopalliance-1.0.jar;C:\Documents and Settings\dhpatel\.m2\repository\org\springframework\spring-asm\3.0.5.RELEASE\spring-asm-3.0.5.RELEASE.jar;C:\Documents and Settings\dhpatel\.m2\repository\org\aspectj\aspectjrt\1.6.8\aspectjrt-1.6.8.jar;C:\Documents and Settings\dhpatel\.m2\repository\org\aspectj\aspectjweaver\1.6.8\aspectjweaver-1.6.8.jar;C:\Documents and Settings\dhpatel\.m2\repository\javax\annotation\jsr250-api\1.0\jsr250-api-1.0.jar;C:\Documents and Settings\dhpatel\.m2\repository\org\springframework\security\spring-security-core\3.0.5.RELEASE\spring-security-core-3.0.5.RELEASE.jar;C:\Documents and Settings\dhpatel\.m2\repository\org\springframework\security\spring-security-taglibs\3.0.5.RELEASE\spring-security-taglibs-3.0.5.RELEASE.jar;C:\Documents and Settings\dhpatel\.m2\repository\org\springframework\security\spring-security-web\3.0.5.RELEASE\spring-security-web-3.0.5.RELEASE.jar;C:\Documents and Settings\dhpatel\.m2\repository\org\springframework\security\spring-security-acl\3.0.5.RELEASE\spring-security-acl-3.0.5.RELEASE.jar;C:\Documents and Settings\dhpatel\.m2\repository\org\springframework\security\spring-security-config\3.0.5.RELEASE\spring-security-config-3.0.5.RELEASE.jar;C:\Documents and Settings\dhpatel\.m2\repository\org\springframework\spring-web\3.0.5.RELEASE\spring-web-3.0.5.RELEASE.jar;C:\Documents and Settings\dhpatel\.m2\repository\org\springframework\spring-webmvc\3.0.5.RELEASE\spring-webmvc-3.0.5.RELEASE.jar;C:\Documents and Settings\dhpatel\.m2\repository\org\springframework\spring-context\3.0.5.RELEASE\spring-context-3.0.5.RELEASE.jar;C:\Documents and Settings\dhpatel\.m2\repository\org\springframework\spring-context-support\3.0.5.RELEASE\spring-context-support-3.0.5.RELEASE.jar;C:\Documents and Settings\dhpatel\.m2\repository\org\codehaus\jackson\jackson-mapper-asl\1.5.2\jackson-mapper-asl-1.5.2.jar;C:\Documents and Settings\dhpatel\.m2\repository\org\codehaus\jackson\jackson-core-asl\1.5.2\jackson-core-asl-1.5.2.jar;C:\Documents and Settings\dhpatel\.m2\repository\com\thoughtworks\xstream\xstream\1.2.2\xstream-1.2.2.jar;C:\Documents and Settings\dhpatel\.m2\repository\xpp3\xpp3_min\1.1.3.4.O\xpp3_min-1.1.3.4.O.jar;C:\Documents and Settings\dhpatel\.m2\repository\javax\servlet\servlet-api\2.5\servlet-api-2.5.jar;C:\Documents and Settings\dhpatel\.m2\repository\javax\servlet\jsp\jsp-api\2.1\jsp-api-2.1.jar;C:\Documents and Settings\dhpatel\.m2\repository\javax\servlet\jstl\1.2\jstl-1.2.jar;C:\Documents and Settings\dhpatel\.m2\repository\opensymphony\sitemesh\2.4.2\sitemesh-2.4.2.jar;C:\Documents and Settings\dhpatel\.m2\repository\org\tuckey\urlrewritefilter\3.1.0\urlrewritefilter-3.1.0.jar;C:\Documents and Settings\dhpatel\.m2\repository\junit\junit\4.8.1\junit-4.8.1.jar;C:\Documents and Settings\dhpatel\.m2\repository\org\mockito\mockito-all\1.8.5\mockito-all-1.8.5.jar;C:\Documents and Settings\dhpatel\.m2\repository\org\easytesting\fest-assert\1.3\fest-assert-1.3.jar;C:\Documents and Settings\dhpatel\.m2\repository\org\easytesting\fest-util\1.1.4\fest-util-1.1.4.jar;C:\Documents and Settings\dhpatel\.m2\repository\org\springframework\spring-test\3.0.5.RELEASE\spring-test-3.0.5.RELEASE.jar;"/>
    <property name="java.specification.name" value="Java Platform API Specification"/>
    <property name="java.class.version" value="50.0"/>
    <property name="sun.management.compiler" value="HotSpot Client Compiler"/>
    <property name="os.version" value="5.1"/>
    <property name="user.home" value="C:\Documents and Settings\dhpatel"/>
    <property name="user.timezone" value="America/New_York"/>
    <property name="java.awt.printerjob" value="sun.awt.windows.WPrinterJob"/>
    <property name="java.specification.version" value="1.6"/>
    <property name="file.encoding" value="Cp1252"/>
    <property name="user.name" value="DhPatel"/>
    <property name="java.class.path" value="C:\Dhaval\Personal\Mangla Tech\workspace\BackEnd\myCityFinder\target\test-classes;C:\Dhaval\Personal\Mangla Tech\workspace\BackEnd\myCityFinder\target\classes;C:\Documents and Settings\dhpatel\.m2\repository\joda-time\joda-time\1.6.2\joda-time-1.6.2.jar;C:\Documents and Settings\dhpatel\.m2\repository\joda-time\joda-time-hibernate\1.2\joda-time-hibernate-1.2.jar;C:\Documents and Settings\dhpatel\.m2\repository\org\hibernate\javax\persistence\hibernate-jpa-2.0-api\1.0.0.Final\hibernate-jpa-2.0-api-1.0.0.Final.jar;C:\Documents and Settings\dhpatel\.m2\repository\org\hibernate\hibernate-core\3.5.5-Final\hibernate-core-3.5.5-Final.jar;C:\Documents and Settings\dhpatel\.m2\repository\antlr\antlr\2.7.6\antlr-2.7.6.jar;C:\Documents and Settings\dhpatel\.m2\repository\dom4j\dom4j\1.6.1\dom4j-1.6.1.jar;C:\Documents and Settings\dhpatel\.m2\repository\xml-apis\xml-apis\1.0.b2\xml-apis-1.0.b2.jar;C:\Documents and Settings\dhpatel\.m2\repository\javax\transaction\jta\1.1\jta-1.1.jar;C:\Documents and Settings\dhpatel\.m2\repository\org\hibernate\hibernate-ehcache\3.5.5-Final\hibernate-ehcache-3.5.5-Final.jar;C:\Documents and Settings\dhpatel\.m2\repository\net\sf\ehcache\ehcache\1.5.0\ehcache-1.5.0.jar;C:\Documents and Settings\dhpatel\.m2\repository\backport-util-concurrent\backport-util-concurrent\3.1\backport-util-concurrent-3.1.jar;C:\Documents and Settings\dhpatel\.m2\repository\net\sf\jsr107cache\jsr107cache\1.0\jsr107cache-1.0.jar;C:\Documents and Settings\dhpatel\.m2\repository\org\hibernate\hibernate-jmx\3.5.5-Final\hibernate-jmx-3.5.5-Final.jar;C:\Documents and Settings\dhpatel\.m2\repository\org\hibernate\hibernate-entitymanager\3.5.5-Final\hibernate-entitymanager-3.5.5-Final.jar;C:\Documents and Settings\dhpatel\.m2\repository\org\hibernate\hibernate-annotations\3.5.5-Final\hibernate-annotations-3.5.5-Final.jar;C:\Documents and Settings\dhpatel\.m2\repository\org\hibernate\hibernate-commons-annotations\3.2.0.Final\hibernate-commons-annotations-3.2.0.Final.jar;C:\Documents and Settings\dhpatel\.m2\repository\cglib\cglib\2.2\cglib-2.2.jar;C:\Documents and Settings\dhpatel\.m2\repository\asm\asm\3.1\asm-3.1.jar;C:\Documents and Settings\dhpatel\.m2\repository\javassist\javassist\3.9.0.GA\javassist-3.9.0.GA.jar;C:\Documents and Settings\dhpatel\.m2\repository\cglib\cglib-nodep\2.1_3\cglib-nodep-2.1_3.jar;C:\Documents and Settings\dhpatel\.m2\repository\commons-dbcp\commons-dbcp\1.4\commons-dbcp-1.4.jar;C:\Documents and Settings\dhpatel\.m2\repository\commons-pool\commons-pool\1.5.4\commons-pool-1.5.4.jar;C:\Documents and Settings\dhpatel\.m2\repository\mysql\mysql-connector-java\5.1.6\mysql-connector-java-5.1.6.jar;C:\Documents and Settings\dhpatel\.m2\repository\javax\validation\validation-api\1.0.0.GA\validation-api-1.0.0.GA.jar;C:\Documents and Settings\dhpatel\.m2\repository\org\hibernate\hibernate-validator\4.2.0.Final\hibernate-validator-4.2.0.Final.jar;C:\Documents and Settings\dhpatel\.m2\repository\log4j\log4j\1.2.15\log4j-1.2.15.jar;C:\Documents and Settings\dhpatel\.m2\repository\javax\mail\mail\1.4\mail-1.4.jar;C:\Documents and Settings\dhpatel\.m2\repository\javax\activation\activation\1.1\activation-1.1.jar;C:\Documents and Settings\dhpatel\.m2\repository\org\slf4j\slf4j-api\1.5.10\slf4j-api-1.5.10.jar;C:\Documents and Settings\dhpatel\.m2\repository\org\slf4j\slf4j-log4j12\1.5.10\slf4j-log4j12-1.5.10.jar;C:\Documents and Settings\dhpatel\.m2\repository\commons-io\commons-io\1.4\commons-io-1.4.jar;C:\Documents and Settings\dhpatel\.m2\repository\commons-lang\commons-lang\2.5\commons-lang-2.5.jar;C:\Documents and Settings\dhpatel\.m2\repository\commons-fileupload\commons-fileupload\1.2.1\commons-fileupload-1.2.1.jar;C:\Documents and Settings\dhpatel\.m2\repository\commons-codec\commons-codec\1.4\commons-codec-1.4.jar;C:\Documents and Settings\dhpatel\.m2\repository\commons-digester\commons-digester\2.0\commons-digester-2.0.jar;C:\Documents and Settings\dhpatel\.m2\repository\commons-beanutils\commons-beanutils\1.8.0\commons-beanutils-1.8.0.jar;C:\Documents and Settings\dhpatel\.m2\repository\commons-logging\commons-logging\1.1.1\commons-logging-1.1.1.jar;C:\Documents and Settings\dhpatel\.m2\repository\commons-collections\commons-collections\3.2.1\commons-collections-3.2.1.jar;C:\Documents and Settings\dhpatel\.m2\repository\org\springframework\spring-expression\3.0.5.RELEASE\spring-expression-3.0.5.RELEASE.jar;C:\Documents and Settings\dhpatel\.m2\repository\org\springframework\spring-core\3.0.5.RELEASE\spring-core-3.0.5.RELEASE.jar;C:\Documents and Settings\dhpatel\.m2\repository\org\springframework\spring-jdbc\3.0.5.RELEASE\spring-jdbc-3.0.5.RELEASE.jar;C:\Documents and Settings\dhpatel\.m2\repository\org\springframework\spring-beans\3.0.5.RELEASE\spring-beans-3.0.5.RELEASE.jar;C:\Documents and Settings\dhpatel\.m2\repository\org\springframework\spring-tx\3.0.5.RELEASE\spring-tx-3.0.5.RELEASE.jar;C:\Documents and Settings\dhpatel\.m2\repository\org\springframework\spring-orm\3.0.5.RELEASE\spring-orm-3.0.5.RELEASE.jar;C:\Documents and Settings\dhpatel\.m2\repository\org\springframework\spring-oxm\3.0.5.RELEASE\spring-oxm-3.0.5.RELEASE.jar;C:\Documents and Settings\dhpatel\.m2\repository\org\springframework\spring-aspects\3.0.5.RELEASE\spring-aspects-3.0.5.RELEASE.jar;C:\Documents and Settings\dhpatel\.m2\repository\org\springframework\spring-aop\3.0.5.RELEASE\spring-aop-3.0.5.RELEASE.jar;C:\Documents and Settings\dhpatel\.m2\repository\aopalliance\aopalliance\1.0\aopalliance-1.0.jar;C:\Documents and Settings\dhpatel\.m2\repository\org\springframework\spring-asm\3.0.5.RELEASE\spring-asm-3.0.5.RELEASE.jar;C:\Documents and Settings\dhpatel\.m2\repository\org\aspectj\aspectjrt\1.6.8\aspectjrt-1.6.8.jar;C:\Documents and Settings\dhpatel\.m2\repository\org\aspectj\aspectjweaver\1.6.8\aspectjweaver-1.6.8.jar;C:\Documents and Settings\dhpatel\.m2\repository\javax\annotation\jsr250-api\1.0\jsr250-api-1.0.jar;C:\Documents and Settings\dhpatel\.m2\repository\org\springframework\security\spring-security-core\3.0.5.RELEASE\spring-security-core-3.0.5.RELEASE.jar;C:\Documents and Settings\dhpatel\.m2\repository\org\springframework\security\spring-security-taglibs\3.0.5.RELEASE\spring-security-taglibs-3.0.5.RELEASE.jar;C:\Documents and Settings\dhpatel\.m2\repository\org\springframework\security\spring-security-web\3.0.5.RELEASE\spring-security-web-3.0.5.RELEASE.jar;C:\Documents and Settings\dhpatel\.m2\repository\org\springframework\security\spring-security-acl\3.0.5.RELEASE\spring-security-acl-3.0.5.RELEASE.jar;C:\Documents and Settings\dhpatel\.m2\repository\org\springframework\security\spring-security-config\3.0.5.RELEASE\spring-security-config-3.0.5.RELEASE.jar;C:\Documents and Settings\dhpatel\.m2\repository\org\springframework\spring-web\3.0.5.RELEASE\spring-web-3.0.5.RELEASE.jar;C:\Documents and Settings\dhpatel\.m2\repository\org\springframework\spring-webmvc\3.0.5.RELEASE\spring-webmvc-3.0.5.RELEASE.jar;C:\Documents and Settings\dhpatel\.m2\repository\org\springframework\spring-context\3.0.5.RELEASE\spring-context-3.0.5.RELEASE.jar;C:\Documents and Settings\dhpatel\.m2\repository\org\springframework\spring-context-support\3.0.5.RELEASE\spring-context-support-3.0.5.RELEASE.jar;C:\Documents and Settings\dhpatel\.m2\repository\org\codehaus\jackson\jackson-mapper-asl\1.5.2\jackson-mapper-asl-1.5.2.jar;C:\Documents and Settings\dhpatel\.m2\repository\org\codehaus\jackson\jackson-core-asl\1.5.2\jackson-core-asl-1.5.2.jar;C:\Documents and Settings\dhpatel\.m2\repository\com\thoughtworks\xstream\xstream\1.2.2\xstream-1.2.2.jar;C:\Documents and Settings\dhpatel\.m2\repository\xpp3\xpp3_min\1.1.3.4.O\xpp3_min-1.1.3.4.O.jar;C:\Documents and Settings\dhpatel\.m2\repository\javax\servlet\servlet-api\2.5\servlet-api-2.5.jar;C:\Documents and Settings\dhpatel\.m2\repository\javax\servlet\jsp\jsp-api\2.1\jsp-api-2.1.jar;C:\Documents and Settings\dhpatel\.m2\repository\javax\servlet\jstl\1.2\jstl-1.2.jar;C:\Documents and Settings\dhpatel\.m2\repository\opensymphony\sitemesh\2.4.2\sitemesh-2.4.2.jar;C:\Documents and Settings\dhpatel\.m2\repository\org\tuckey\urlrewritefilter\3.1.0\urlrewritefilter-3.1.0.jar;C:\Documents and Settings\dhpatel\.m2\repository\junit\junit\4.8.1\junit-4.8.1.jar;C:\Documents and Settings\dhpatel\.m2\repository\org\mockito\mockito-all\1.8.5\mockito-all-1.8.5.jar;C:\Documents and Settings\dhpatel\.m2\repository\org\easytesting\fest-assert\1.3\fest-assert-1.3.jar;C:\Documents and Settings\dhpatel\.m2\repository\org\easytesting\fest-util\1.1.4\fest-util-1.1.4.jar;C:\Documents and Settings\dhpatel\.m2\repository\org\springframework\spring-test\3.0.5.RELEASE\spring-test-3.0.5.RELEASE.jar;"/>
    <property name="java.vm.specification.version" value="1.0"/>
    <property name="sun.arch.data.model" value="32"/>
    <property name="java.home" value="C:\Program Files\Java\jdk1.6.0_27\jre"/>
    <property name="sun.java.command" value="C:\Dhaval\cygwin\tmp\surefirebooter1201272810586874565.jar C:\Dhaval\cygwin\tmp\surefire8251801119665303135tmp C:\Dhaval\cygwin\tmp\surefire2332657479539047770tmp"/>
    <property name="java.specification.vendor" value="Sun Microsystems Inc."/>
    <property name="user.language" value="en"/>
    <property name="awt.toolkit" value="sun.awt.windows.WToolkit"/>
    <property name="java.vm.info" value="mixed mode, sharing"/>
    <property name="java.version" value="1.6.0_27"/>
    <property name="java.ext.dirs" value="C:\Program Files\Java\jdk1.6.0_27\jre\lib\ext;C:\WINDOWS\Sun\Java\lib\ext"/>
    <property name="sun.boot.class.path" value="C:\Program Files\Java\jdk1.6.0_27\jre\lib\resources.jar;C:\Program Files\Java\jdk1.6.0_27\jre\lib\rt.jar;C:\Program Files\Java\jdk1.6.0_27\jre\lib\sunrsasign.jar;C:\Program Files\Java\jdk1.6.0_27\jre\lib\jsse.jar;C:\Program Files\Java\jdk1.6.0_27\jre\lib\jce.jar;C:\Program Files\Java\jdk1.6.0_27\jre\lib\charsets.jar;C:\Program Files\Java\jdk1.6.0_27\jre\lib\modules\jdk.boot.jar;C:\Program Files\Java\jdk1.6.0_27\jre\classes"/>
    <property name="java.vendor" value="Sun Microsystems Inc."/>
    <property name="localRepository" value="C:\Documents and Settings\dhpatel\.m2\repository"/>
    <property name="file.separator" value="\"/>
    <property name="java.vendor.url.bug" value="http://java.sun.com/cgi-bin/bugreport.cgi"/>
    <property name="sun.cpu.endian" value="little"/>
    <property name="sun.io.unicode.encoding" value="UnicodeLittle"/>
    <property name="sun.desktop" value="windows"/>
    <property name="sun.cpu.isalist" value="pentium_pro+mmx pentium_pro pentium+mmx pentium i486 i386 i86"/>
  </properties>
  <testcase time="0" classname="com.mgt.mycity.domain.RestaurentTest" name="newInstanceHasNoPrimaryKey"/>
  <testcase time="0" classname="com.mgt.mycity.domain.RestaurentTest" name="isPrimaryKeySetReturnsTrue"/>
  <testcase time="0" classname="com.mgt.mycity.domain.RestaurentTest" name="toStringNotNull"/>
  <testcase time="0" classname="com.mgt.mycity.domain.RestaurentTest" name="equalsUsingPk"/>
  <testcase time="0" classname="com.mgt.mycity.domain.RestaurentTest" name="manyToOne_setPhoto"/>
  <testcase time="0" classname="com.mgt.mycity.domain.RestaurentTest" name="manyToMany_addCategory"/>
</testsuite>